<?xml version="1.0" encoding="UTF-8" ?>
<testsuite errors="0" failures="0" hostname="Macintosh.local" name="ExampleTest" tests="1" time="0.15" timestamp="2009-10-08T18:45:27">
  <properties>
    <property name="jna.platform.library.path" value="/usr/lib:/usr/lib" />
    <property name="java.runtime.name" value="Java(TM) SE Runtime Environment" />
    <property name="jruby.home" value="/opt/local/share/java/jruby" />
    <property name="sun.boot.library.path" value="/System/Library/Frameworks/JavaVM.framework/Versions/1.6.0/Libraries" />
    <property name="java.vm.version" value="14.1-b02-90" />
    <property name="awt.nativeDoubleBuffering" value="true" />
    <property name="gopherProxySet" value="false" />
    <property name="ant.version" value="Apache Ant version 1.7.1 compiled on June 27 2008" />
    <property name="ant.java.version" value="1.6" />
    <property name="java.vm.vendor" value="Apple Inc." />
    <property name="java.vendor.url" value="http://www.apple.com/" />
    <property name="path.separator" value=":" />
    <property name="java.vm.name" value="Java HotSpot(TM) 64-Bit Server VM" />
    <property name="file.encoding.pkg" value="sun.io" />
    <property name="user.country" value="DE" />
    <property name="sun.java.launcher" value="SUN_STANDARD" />
    <property name="sun.os.patch.level" value="unknown" />
    <property name="java.vm.specification.name" value="Java Virtual Machine Specification" />
    <property name="user.dir" value="/Users/peterschroder/ruby/buildr-examples/projects/killer-app/teh-api" />
    <property name="java.runtime.version" value="1.6.0_15-b03-219" />
    <property name="java.awt.graphicsenv" value="apple.awt.CGraphicsEnvironment" />
    <property name="basedir" value="/Users/peterschroder/ruby/buildr-examples/projects/killer-app" />
    <property name="java.endorsed.dirs" value="/System/Library/Frameworks/JavaVM.framework/Versions/1.6.0/Home/lib/endorsed" />
    <property name="os.arch" value="x86_64" />
    <property name="java.io.tmpdir" value="/var/folders/au/aubQWp4kGuurBgQEusfkvE+++TI/-Tmp-/" />
    <property name="ant.core.lib" value="/Users/peterschroder/.m2/repository/org/apache/ant/ant/1.7.1/ant-1.7.1.jar" />
    <property name="line.separator" value="
" />
    <property name="java.vm.specification.vendor" value="Sun Microsystems Inc." />
    <property name="os.name" value="Mac OS X" />
    <property name="jna.boot.library.path" value="/opt/local/share/java/jruby/lib/native/darwin" />
    <property name="ant.project.name" value="junit" />
    <property name="sun.jnu.encoding" value="MacRoman" />
    <property name="java.library.path" value=".:/Library/Java/Extensions:/System/Library/Java/Extensions:/usr/lib/java" />
    <property name="jruby.memory.max" value="500m" />
    <property name="java.specification.name" value="Java Platform API Specification" />
    <property name="java.class.version" value="50.0" />
    <property name="sun.management.compiler" value="HotSpot 64-Bit Server Compiler" />
    <property name="os.version" value="10.6.1" />
    <property name="http.nonProxyHosts" value="local|*.local|169.254/16|*.169.254/16" />
    <property name="jffi.boot.library.path" value="/opt/local/share/java/jruby/lib/native/*Darwin" />
    <property name="user.home" value="/Users/peterschroder" />
    <property name="user.timezone" value="" />
    <property name="java.awt.printerjob" value="apple.awt.CPrinterJob" />
    <property name="java.specification.version" value="1.6" />
    <property name="file.encoding" value="MacRoman" />
    <property name="jruby.script" value="jruby" />
    <property name="user.name" value="peterschroder" />
    <property name="java.class.path" value="/Users/peterschroder/ruby/buildr-examples/projects/killer-app/teh-api/target/test/classes:/Users/peterschroder/ruby/buildr-examples/projects/killer-app/teh-api/target/classes:/Users/peterschroder/.m2/repository/junit/junit/4.4/junit-4.4.jar:/Users/peterschroder/.m2/repository/jmock/jmock/1.2.0/jmock-1.2.0.jar:/Users/peterschroder/.m2/repository/org/apache/ant/ant-launcher/1.7.1/ant-launcher-1.7.1.jar:/Users/peterschroder/.m2/repository/org/apache/ant/ant/1.7.1/ant-1.7.1.jar:/Users/peterschroder/.m2/repository/org/apache/ant/ant-junit/1.7.1/ant-junit-1.7.1.jar" />
    <property name="jruby.stack.max" value="1024k" />
    <property name="jruby.shell" value="/bin/sh" />
    <property name="java.vm.specification.version" value="1.0" />
    <property name="java.home" value="/System/Library/Frameworks/JavaVM.framework/Versions/1.6.0/Home" />
    <property name="sun.arch.data.model" value="64" />
    <property name="java.specification.vendor" value="Sun Microsystems Inc." />
    <property name="user.language" value="de" />
    <property name="awt.toolkit" value="apple.awt.CToolkit" />
    <property name="java.vm.info" value="mixed mode" />
    <property name="java.version" value="1.6.0_15" />
    <property name="java.ext.dirs" value="/Library/Java/Extensions:/System/Library/Java/Extensions:/System/Library/Frameworks/JavaVM.framework/Versions/1.6.0/Home/lib/ext" />
    <property name="sun.boot.class.path" value="/System/Library/Frameworks/JavaVM.framework/Versions/1.6.0/Classes/jsfd.jar:/System/Library/Frameworks/JavaVM.framework/Versions/1.6.0/Classes/classes.jar:/System/Library/Frameworks/JavaVM.framework/Frameworks/JavaRuntimeSupport.framework/Resources/Java/JavaRuntimeSupport.jar:/System/Library/Frameworks/JavaVM.framework/Versions/1.6.0/Classes/ui.jar:/System/Library/Frameworks/JavaVM.framework/Versions/1.6.0/Classes/laf.jar:/System/Library/Frameworks/JavaVM.framework/Versions/1.6.0/Classes/sunrsasign.jar:/System/Library/Frameworks/JavaVM.framework/Versions/1.6.0/Classes/jsse.jar:/System/Library/Frameworks/JavaVM.framework/Versions/1.6.0/Classes/jce.jar:/System/Library/Frameworks/JavaVM.framework/Versions/1.6.0/Classes/charsets.jar" />
    <property name="java.vendor" value="Apple Inc." />
    <property name="file.separator" value="/" />
    <property name="java.vendor.url.bug" value="http://bugreport.apple.com/" />
    <property name="sun.cpu.endian" value="little" />
    <property name="sun.io.unicode.encoding" value="UnicodeLittle" />
    <property name="mrj.version" value="1060.1.6.0_15-219" />
    <property name="jruby.lib" value="/opt/local/share/java/jruby/lib" />
    <property name="socksNonProxyHosts" value="local|*.local|169.254/16|*.169.254/16" />
    <property name="ftp.nonProxyHosts" value="local|*.local|169.254/16|*.169.254/16" />
    <property name="sun.cpu.isalist" value="" />
  </properties>
  <testcase classname="ExampleTest" name="someTest" time="0.0040" />
  <system-out><![CDATA[I got called!
]]></system-out>
  <system-err><![CDATA[]]></system-err>
</testsuite>
